<?xml version="1.0" encoding="UTF-8"?>
<testsuite name="soundsystem.CDPlayerTest" tests="1" skipped="0" failures="0" errors="0" timestamp="2017-04-08T04:58:51" hostname="localhost" time="0.001">
  <properties/>
  <testcase name="cdShouldNotbeNull" classname="soundsystem.CDPlayerTest" time="0.001"/>
  <system-out><![CDATA[]]></system-out>
  <system-err><![CDATA[]]></system-err>
</testsuite>
